Using pre-set license
Built from '2020.3/staging' branch; Version is '2020.3.11f1 (99c7afb366b3) revision 10078127'; Using compiler version '192528614'; Build Type 'Release'
OS: 'Windows 10 Home; OS build 19041.1052; Version 2004; 64bit' Language: 'fr' Physical Memory: 32699 MB
BatchMode: 1, IsHumanControllingUs: 0, StartBugReporterOnCrash: 0, Is64bit: 1, IsPro: 0

 COMMAND LINE ARGUMENTS:
C:\Program Files\Unity\Hub\Editor\2020.3.11f1\Editor\Unity.exe
-adb2
-batchMode
-noUpm
-name
AssetImportWorker0
-projectPath
C:/Users/Axou/ARK Starmap
-logFile
Logs/AssetImportWorker0.log
-srvPort
61760
Successfully changed project path to: C:/Users/Axou/ARK Starmap
C:/Users/Axou/ARK Starmap
Using Asset Import Pipeline V2.
Refreshing native plugins compatible for Editor in 27.08 ms, found 2 plugins.
Preloading 0 native plugins for Editor in 0.00 ms.
Initialize engine version: 2020.3.11f1 (99c7afb366b3)
[Subsystems] Discovering subsystems at path C:/Program Files/Unity/Hub/Editor/2020.3.11f1/Editor/Data/Resources/UnitySubsystems
[Subsystems] Discovering subsystems at path C:/Users/Axou/ARK Starmap/Assets
GfxDevice: creating device client; threaded=0
Direct3D:
    Version:  Direct3D 11.0 [level 11.1]
    Renderer: NVIDIA GeForce RTX 2060 (ID=0x1f08)
    Vendor:   
    VRAM:     5980 MB
    Driver:   27.21.14.6677
Initialize mono
Mono path[0] = 'C:/Program Files/Unity/Hub/Editor/2020.3.11f1/Editor/Data/Managed'
Mono path[1] = 'C:/Program Files/Unity/Hub/Editor/2020.3.11f1/Editor/Data/MonoBleedingEdge/lib/mono/unityjit'
Mono config path = 'C:/Program Files/Unity/Hub/Editor/2020.3.11f1/Editor/Data/MonoBleedingEdge/etc'
Using monoOptions --debugger-agent=transport=dt_socket,embedding=1,server=y,suspend=n,address=127.0.0.1:56388
Begin MonoManager ReloadAssembly
Registering precompiled unity dll's ...
Register platform support module: C:/Program Files/Unity/Hub/Editor/2020.3.11f1/Editor/Data/PlaybackEngines/WebGLSupport/UnityEditor.WebGL.Extensions.dll
Register platform support module: C:/Program Files/Unity/Hub/Editor/2020.3.11f1/Editor/Data/PlaybackEngines/WindowsStandaloneSupport/UnityEditor.WindowsStandalone.Extensions.dll
Registered in 0.002014 seconds.
Native extension for WindowsStandalone target not found
Native extension for WebGL target not found
Refreshing native plugins compatible for Editor in 26.36 ms, found 2 plugins.
Preloading 0 native plugins for Editor in 0.00 ms.
Mono: successfully reloaded assembly
- Completed reload, in  0.949 seconds
Platform modules already initialized, skipping
Registering precompiled user dll's ...
Registered in 0.003066 seconds.
Begin MonoManager ReloadAssembly
Native extension for WindowsStandalone target not found
Native extension for WebGL target not found
Refreshing native plugins compatible for Editor in 0.30 ms, found 2 plugins.
Preloading 0 native plugins for Editor in 0.00 ms.
Mono: successfully reloaded assembly
- Completed reload, in  0.902 seconds
Platform modules already initialized, skipping
========================================================================
Worker process is ready to serve import requests
Launched and connected shader compiler UnityShaderCompiler.exe after 0.03 seconds
Refreshing native plugins compatible for Editor in 0.35 ms, found 2 plugins.
Preloading 0 native plugins for Editor in 0.00 ms.
Unloading 1397 Unused Serialized files (Serialized files now loaded: 0)
System memory in use before: 144.5 MB.
System memory in use after: 144.5 MB.

Unloading 19 unused Assets to reduce memory usage. Loaded Objects now: 1834.
Total: 2.223200 ms (FindLiveObjects: 0.238800 ms CreateObjectMapping: 0.066500 ms MarkObjects: 1.827200 ms  DeleteObjects: 0.089200 ms)

========================================================================
Received Import Request.
  path: Assets/Jsons
  artifactKey: Guid(0e0e4dcde0ea1f94384a90cec1d82147) Importer(815301076,1909f56bfc062723c751e8b465ee728b)
Start importing Assets/Jsons using Guid(0e0e4dcde0ea1f94384a90cec1d82147) Importer(815301076,1909f56bfc062723c751e8b465ee728b)  -> (artifact id: 'ee674820f711ae90364baab2fb582a87') in 0.010565 seconds
  Import took 0.012892 seconds .

========================================================================
Received Import Request.
  Time since last request: 2.561002 seconds.
  path: Assets/Starmap Assets/jsons/Ayr'ka.json
  artifactKey: Guid(91cf524d2a6d2c1449eae6554af302e9) Importer(815301076,1909f56bfc062723c751e8b465ee728b)
Start importing Assets/Starmap Assets/jsons/Ayr'ka.json using Guid(91cf524d2a6d2c1449eae6554af302e9) Importer(815301076,1909f56bfc062723c751e8b465ee728b)  -> (artifact id: 'beeca21f8bfb61646787d158dc86e842') in 0.047004 seconds
  Import took 0.048977 seconds .

========================================================================
Received Import Request.
  Time since last request: 42.648147 seconds.
  path: Assets/Jsons/Systems
  artifactKey: Guid(7c92ff4adaeba364fb270ac7d7bb8837) Importer(815301076,1909f56bfc062723c751e8b465ee728b)
Start importing Assets/Jsons/Systems using Guid(7c92ff4adaeba364fb270ac7d7bb8837) Importer(815301076,1909f56bfc062723c751e8b465ee728b)  -> (artifact id: '64586d142fb43554e0af88f6facd798d') in 0.005539 seconds
  Import took 0.007597 seconds .

========================================================================
Received Import Request.
  Time since last request: 306.770441 seconds.
  path: Assets/Scripts/Systems.cs
  artifactKey: Guid(1ce42648d95ab6d47bd992dab46f4942) Importer(815301076,1909f56bfc062723c751e8b465ee728b)
Start importing Assets/Scripts/Systems.cs using Guid(1ce42648d95ab6d47bd992dab46f4942) Importer(815301076,1909f56bfc062723c751e8b465ee728b)  -> (artifact id: '648e78002010350e6a811870f0331778') in 0.011766 seconds
  Import took 0.014160 seconds .

========================================================================
Received Import Request.
  Time since last request: 0.001249 seconds.
  path: Assets/Scripts/Systems.cs
  artifactKey: Guid(1ce42648d95ab6d47bd992dab46f4942) Importer(815301076,1909f56bfc062723c751e8b465ee728b)
Start importing Assets/Scripts/Systems.cs using Guid(1ce42648d95ab6d47bd992dab46f4942) Importer(815301076,1909f56bfc062723c751e8b465ee728b)  -> (artifact id: '648e78002010350e6a811870f0331778') in 0.001670 seconds
  Import took 0.003727 seconds .

========================================================================
Received Prepare
Registering precompiled user dll's ...
Registered in 0.002842 seconds.
Begin MonoManager ReloadAssembly
Native extension for WindowsStandalone target not found
Native extension for WebGL target not found
Refreshing native plugins compatible for Editor in 0.31 ms, found 2 plugins.
Preloading 0 native plugins for Editor in 0.00 ms.
Mono: successfully reloaded assembly
- Completed reload, in  0.815 seconds
Platform modules already initialized, skipping
Refreshing native plugins compatible for Editor in 0.30 ms, found 2 plugins.
Preloading 0 native plugins for Editor in 0.00 ms.
Unloading 1387 Unused Serialized files (Serialized files now loaded: 0)
System memory in use before: 143.8 MB.
System memory in use after: 143.9 MB.

Unloading 14 unused Assets to reduce memory usage. Loaded Objects now: 1838.
Total: 1.523300 ms (FindLiveObjects: 0.131400 ms CreateObjectMapping: 0.037700 ms MarkObjects: 1.307100 ms  DeleteObjects: 0.046400 ms)

========================================================================
Received Import Request.
  Time since last request: 11.710451 seconds.
  path: Assets/Scripts/SystemsScript.cs
  artifactKey: Guid(1ce42648d95ab6d47bd992dab46f4942) Importer(815301076,1909f56bfc062723c751e8b465ee728b)
Start importing Assets/Scripts/SystemsScript.cs using Guid(1ce42648d95ab6d47bd992dab46f4942) Importer(815301076,1909f56bfc062723c751e8b465ee728b)  -> (artifact id: '0467342c920a5b120cd98e09fdcfc0ae') in 0.012374 seconds
  Import took 0.014618 seconds .

========================================================================
Received Import Request.
  Time since last request: 0.000312 seconds.
  path: Assets/Scripts/SystemsScript.cs
  artifactKey: Guid(1ce42648d95ab6d47bd992dab46f4942) Importer(815301076,1909f56bfc062723c751e8b465ee728b)
Start importing Assets/Scripts/SystemsScript.cs using Guid(1ce42648d95ab6d47bd992dab46f4942) Importer(815301076,1909f56bfc062723c751e8b465ee728b)  -> (artifact id: '0467342c920a5b120cd98e09fdcfc0ae') in 0.001680 seconds
  Import took 0.003500 seconds .

========================================================================
Received Prepare
Registering precompiled user dll's ...
Registered in 0.002800 seconds.
Begin MonoManager ReloadAssembly
Native extension for WindowsStandalone target not found
Native extension for WebGL target not found
Refreshing native plugins compatible for Editor in 0.31 ms, found 2 plugins.
Preloading 0 native plugins for Editor in 0.00 ms.
Mono: successfully reloaded assembly
- Completed reload, in  0.969 seconds
Platform modules already initialized, skipping
Refreshing native plugins compatible for Editor in 0.31 ms, found 2 plugins.
Preloading 0 native plugins for Editor in 0.00 ms.
Unloading 1387 Unused Serialized files (Serialized files now loaded: 0)
System memory in use before: 143.8 MB.
System memory in use after: 143.9 MB.

Unloading 14 unused Assets to reduce memory usage. Loaded Objects now: 1841.
Total: 1.550300 ms (FindLiveObjects: 0.135500 ms CreateObjectMapping: 0.038800 ms MarkObjects: 1.329400 ms  DeleteObjects: 0.046000 ms)

========================================================================
Received Import Request.
  Time since last request: 9.312821 seconds.
  path: Assets/Scripts/StarSystemsScript.cs
  artifactKey: Guid(1ce42648d95ab6d47bd992dab46f4942) Importer(815301076,1909f56bfc062723c751e8b465ee728b)
Start importing Assets/Scripts/StarSystemsScript.cs using Guid(1ce42648d95ab6d47bd992dab46f4942) Importer(815301076,1909f56bfc062723c751e8b465ee728b)  -> (artifact id: '4631779299ec35833014b088f004dbd3') in 0.008931 seconds
  Import took 0.010971 seconds .

========================================================================
Received Prepare
Registering precompiled user dll's ...
Registered in 0.002981 seconds.
Begin MonoManager ReloadAssembly
Native extension for WindowsStandalone target not found
Native extension for WebGL target not found
Refreshing native plugins compatible for Editor in 0.35 ms, found 2 plugins.
Preloading 0 native plugins for Editor in 0.00 ms.
Mono: successfully reloaded assembly
- Completed reload, in  0.898 seconds
Platform modules already initialized, skipping
Refreshing native plugins compatible for Editor in 0.30 ms, found 2 plugins.
Preloading 0 native plugins for Editor in 0.00 ms.
Unloading 1387 Unused Serialized files (Serialized files now loaded: 0)
System memory in use before: 143.8 MB.
System memory in use after: 143.9 MB.

Unloading 14 unused Assets to reduce memory usage. Loaded Objects now: 1844.
Total: 1.568300 ms (FindLiveObjects: 0.136100 ms CreateObjectMapping: 0.038100 ms MarkObjects: 1.346900 ms  DeleteObjects: 0.046400 ms)

========================================================================
Received Import Request.
  Time since last request: 377.291951 seconds.
  path: Assets/Jsons/bootup.json
  artifactKey: Guid(08f8f42694f2c7448980b0f37162ba32) Importer(815301076,1909f56bfc062723c751e8b465ee728b)
Start importing Assets/Jsons/bootup.json using Guid(08f8f42694f2c7448980b0f37162ba32) Importer(815301076,1909f56bfc062723c751e8b465ee728b)  -> (artifact id: '4818e74ace9829f5e1785cae8dec1533') in 0.022431 seconds
  Import took 0.024789 seconds .

========================================================================
Received Import Request.
  Time since last request: 0.006938 seconds.
  path: Assets/Jsons/bootup.json
  artifactKey: Guid(08f8f42694f2c7448980b0f37162ba32) Importer(815301076,1909f56bfc062723c751e8b465ee728b)
Start importing Assets/Jsons/bootup.json using Guid(08f8f42694f2c7448980b0f37162ba32) Importer(815301076,1909f56bfc062723c751e8b465ee728b)  -> (artifact id: '4818e74ace9829f5e1785cae8dec1533') in 0.002175 seconds
  Import took 0.004252 seconds .

========================================================================
Received Import Request.
  Time since last request: 15.519360 seconds.
  path: Assets/Jsons/StarSystems.json
  artifactKey: Guid(08f8f42694f2c7448980b0f37162ba32) Importer(815301076,1909f56bfc062723c751e8b465ee728b)
Start importing Assets/Jsons/StarSystems.json using Guid(08f8f42694f2c7448980b0f37162ba32) Importer(815301076,1909f56bfc062723c751e8b465ee728b)  -> (artifact id: 'a1a4539f100bc6f2e0646dba97823344') in 0.006433 seconds
  Import took 0.008413 seconds .

========================================================================
Received Prepare
Registering precompiled user dll's ...
Registered in 0.002906 seconds.
Begin MonoManager ReloadAssembly
Native extension for WindowsStandalone target not found
Native extension for WebGL target not found
Refreshing native plugins compatible for Editor in 0.47 ms, found 2 plugins.
Preloading 0 native plugins for Editor in 0.00 ms.
Mono: successfully reloaded assembly
- Completed reload, in  0.844 seconds
Platform modules already initialized, skipping
Refreshing native plugins compatible for Editor in 0.28 ms, found 2 plugins.
Preloading 0 native plugins for Editor in 0.00 ms.
Unloading 1387 Unused Serialized files (Serialized files now loaded: 0)
System memory in use before: 143.9 MB.
System memory in use after: 143.9 MB.

Unloading 14 unused Assets to reduce memory usage. Loaded Objects now: 1847.
Total: 1.598200 ms (FindLiveObjects: 0.138000 ms CreateObjectMapping: 0.037300 ms MarkObjects: 1.370800 ms  DeleteObjects: 0.051200 ms)

========================================================================
Received Prepare
Registering precompiled user dll's ...
Registered in 0.002875 seconds.
Begin MonoManager ReloadAssembly
Native extension for WindowsStandalone target not found
Native extension for WebGL target not found
Refreshing native plugins compatible for Editor in 0.30 ms, found 2 plugins.
Preloading 0 native plugins for Editor in 0.00 ms.
Mono: successfully reloaded assembly
- Completed reload, in  0.844 seconds
Platform modules already initialized, skipping
Refreshing native plugins compatible for Editor in 0.32 ms, found 2 plugins.
Preloading 0 native plugins for Editor in 0.00 ms.
Unloading 1387 Unused Serialized files (Serialized files now loaded: 0)
System memory in use before: 143.9 MB.
System memory in use after: 143.9 MB.

Unloading 14 unused Assets to reduce memory usage. Loaded Objects now: 1850.
Total: 1.560400 ms (FindLiveObjects: 0.147900 ms CreateObjectMapping: 0.043600 ms MarkObjects: 1.323100 ms  DeleteObjects: 0.045200 ms)

========================================================================
Received Import Request.
  Time since last request: 1288.883049 seconds.
  path: Assets/Ciconia Studio
  artifactKey: Guid(a3fbe09d5e2e345449b27cffdfac7dac) Importer(815301076,1909f56bfc062723c751e8b465ee728b)
Start importing Assets/Ciconia Studio using Guid(a3fbe09d5e2e345449b27cffdfac7dac) Importer(815301076,1909f56bfc062723c751e8b465ee728b)  -> (artifact id: '51410c8c6c4eeb666c02eb6ca724efc3') in 0.008486 seconds
  Import took 0.010899 seconds .

========================================================================
Received Import Request.
  Time since last request: 117.399632 seconds.
  path: Assets/Jsons/StarSystems.json
  artifactKey: Guid(08f8f42694f2c7448980b0f37162ba32) Importer(815301076,1909f56bfc062723c751e8b465ee728b)
Start importing Assets/Jsons/StarSystems.json using Guid(08f8f42694f2c7448980b0f37162ba32) Importer(815301076,1909f56bfc062723c751e8b465ee728b)  -> (artifact id: '5c0120cb5b9e2a98c6bdba5540b65370') in 0.012879 seconds
  Import took 0.015336 seconds .

========================================================================
Received Import Request.
  Time since last request: 0.015060 seconds.
  path: Assets/Jsons/StarSystems.json
  artifactKey: Guid(08f8f42694f2c7448980b0f37162ba32) Importer(815301076,1909f56bfc062723c751e8b465ee728b)
Start importing Assets/Jsons/StarSystems.json using Guid(08f8f42694f2c7448980b0f37162ba32) Importer(815301076,1909f56bfc062723c751e8b465ee728b)  -> (artifact id: '5c0120cb5b9e2a98c6bdba5540b65370') in 0.001880 seconds
  Import took 0.003891 seconds .

========================================================================
Received Prepare
Registering precompiled user dll's ...
Registered in 0.002871 seconds.
Begin MonoManager ReloadAssembly
Native extension for WindowsStandalone target not found
Native extension for WebGL target not found
Refreshing native plugins compatible for Editor in 0.34 ms, found 2 plugins.
Preloading 0 native plugins for Editor in 0.00 ms.
Mono: successfully reloaded assembly
- Completed reload, in  0.826 seconds
Platform modules already initialized, skipping
Refreshing native plugins compatible for Editor in 0.32 ms, found 2 plugins.
Preloading 0 native plugins for Editor in 0.00 ms.
Unloading 1387 Unused Serialized files (Serialized files now loaded: 0)
System memory in use before: 143.9 MB.
System memory in use after: 143.9 MB.

Unloading 14 unused Assets to reduce memory usage. Loaded Objects now: 1853.
Total: 1.779300 ms (FindLiveObjects: 0.170100 ms CreateObjectMapping: 0.073800 ms MarkObjects: 1.478200 ms  DeleteObjects: 0.056400 ms)

========================================================================
Received Import Request.
  Time since last request: 1710.685362 seconds.
  path: Assets/Scripts/StarSystemsScript.cs
  artifactKey: Guid(1ce42648d95ab6d47bd992dab46f4942) Importer(815301076,1909f56bfc062723c751e8b465ee728b)
Start importing Assets/Scripts/StarSystemsScript.cs using Guid(1ce42648d95ab6d47bd992dab46f4942) Importer(815301076,1909f56bfc062723c751e8b465ee728b)  -> (artifact id: 'b166f506f232c909238e242f8069e5da') in 0.004611 seconds
  Import took 0.007028 seconds .

========================================================================
Received Import Request.
  Time since last request: 0.001885 seconds.
  path: Assets/Scripts/StarSystemsScript.cs
  artifactKey: Guid(1ce42648d95ab6d47bd992dab46f4942) Importer(815301076,1909f56bfc062723c751e8b465ee728b)
Start importing Assets/Scripts/StarSystemsScript.cs using Guid(1ce42648d95ab6d47bd992dab46f4942) Importer(815301076,1909f56bfc062723c751e8b465ee728b)  -> (artifact id: 'b166f506f232c909238e242f8069e5da') in 0.001415 seconds
  Import took 0.003343 seconds .

========================================================================
Received Prepare
Registering precompiled user dll's ...
Registered in 0.002871 seconds.
Begin MonoManager ReloadAssembly
Native extension for WindowsStandalone target not found
Native extension for WebGL target not found
Refreshing native plugins compatible for Editor in 0.30 ms, found 2 plugins.
Preloading 0 native plugins for Editor in 0.00 ms.
Mono: successfully reloaded assembly
- Completed reload, in  0.811 seconds
Platform modules already initialized, skipping
Refreshing native plugins compatible for Editor in 0.30 ms, found 2 plugins.
Preloading 0 native plugins for Editor in 0.00 ms.
Unloading 1387 Unused Serialized files (Serialized files now loaded: 0)
System memory in use before: 143.9 MB.
System memory in use after: 144.0 MB.

Unloading 14 unused Assets to reduce memory usage. Loaded Objects now: 1856.
Total: 1.556800 ms (FindLiveObjects: 0.133500 ms CreateObjectMapping: 0.037600 ms MarkObjects: 1.335900 ms  DeleteObjects: 0.049100 ms)

========================================================================
Received Import Request.
  Time since last request: 908.378020 seconds.
  path: Assets/Scripts/StarSystemsScript.cs
  artifactKey: Guid(1ce42648d95ab6d47bd992dab46f4942) Importer(815301076,1909f56bfc062723c751e8b465ee728b)
Start importing Assets/Scripts/StarSystemsScript.cs using Guid(1ce42648d95ab6d47bd992dab46f4942) Importer(815301076,1909f56bfc062723c751e8b465ee728b)  -> (artifact id: '57703ff43ffea0b243909a46d0cd980b') in 0.005680 seconds
  Import took 0.007743 seconds .

========================================================================
Received Import Request.
  Time since last request: 0.000833 seconds.
  path: Assets/Scripts/StarSystemsScript.cs
  artifactKey: Guid(1ce42648d95ab6d47bd992dab46f4942) Importer(815301076,1909f56bfc062723c751e8b465ee728b)
Start importing Assets/Scripts/StarSystemsScript.cs using Guid(1ce42648d95ab6d47bd992dab46f4942) Importer(815301076,1909f56bfc062723c751e8b465ee728b)  -> (artifact id: '57703ff43ffea0b243909a46d0cd980b') in 0.001599 seconds
  Import took 0.003685 seconds .

========================================================================
Received Import Request.
  Time since last request: 27.195358 seconds.
  path: Assets/Scripts/StarSystemsScript.cs
  artifactKey: Guid(1ce42648d95ab6d47bd992dab46f4942) Importer(815301076,1909f56bfc062723c751e8b465ee728b)
Start importing Assets/Scripts/StarSystemsScript.cs using Guid(1ce42648d95ab6d47bd992dab46f4942) Importer(815301076,1909f56bfc062723c751e8b465ee728b)  -> (artifact id: 'cfc9f10a81af242103753e04f9ef5f0d') in 0.001551 seconds
  Import took 0.003508 seconds .

========================================================================
Received Prepare
Registering precompiled user dll's ...
Registered in 0.002928 seconds.
Begin MonoManager ReloadAssembly
Native extension for WindowsStandalone target not found
Native extension for WebGL target not found
Refreshing native plugins compatible for Editor in 0.29 ms, found 2 plugins.
Preloading 0 native plugins for Editor in 0.00 ms.
Mono: successfully reloaded assembly
- Completed reload, in  0.797 seconds
Platform modules already initialized, skipping
Refreshing native plugins compatible for Editor in 0.35 ms, found 2 plugins.
Preloading 0 native plugins for Editor in 0.00 ms.
Unloading 1387 Unused Serialized files (Serialized files now loaded: 0)
System memory in use before: 143.9 MB.
System memory in use after: 144.0 MB.

Unloading 14 unused Assets to reduce memory usage. Loaded Objects now: 1859.
Total: 1.625700 ms (FindLiveObjects: 0.153400 ms CreateObjectMapping: 0.044700 ms MarkObjects: 1.377200 ms  DeleteObjects: 0.049500 ms)

========================================================================
Received Prepare
Registering precompiled user dll's ...
Registered in 0.002868 seconds.
Begin MonoManager ReloadAssembly
Native extension for WindowsStandalone target not found
Native extension for WebGL target not found
Refreshing native plugins compatible for Editor in 0.31 ms, found 2 plugins.
Preloading 0 native plugins for Editor in 0.00 ms.
Mono: successfully reloaded assembly
- Completed reload, in  0.804 seconds
Platform modules already initialized, skipping
Refreshing native plugins compatible for Editor in 0.31 ms, found 2 plugins.
Preloading 0 native plugins for Editor in 0.00 ms.
Unloading 1387 Unused Serialized files (Serialized files now loaded: 0)
System memory in use before: 143.9 MB.
System memory in use after: 144.0 MB.

Unloading 14 unused Assets to reduce memory usage. Loaded Objects now: 1862.
Total: 1.808100 ms (FindLiveObjects: 0.143100 ms CreateObjectMapping: 0.041100 ms MarkObjects: 1.570400 ms  DeleteObjects: 0.052700 ms)

========================================================================
Received Import Request.
  Time since last request: 80.285631 seconds.
  path: Assets/Scripts/StarSystemsScript.cs
  artifactKey: Guid(1ce42648d95ab6d47bd992dab46f4942) Importer(815301076,1909f56bfc062723c751e8b465ee728b)
Start importing Assets/Scripts/StarSystemsScript.cs using Guid(1ce42648d95ab6d47bd992dab46f4942) Importer(815301076,1909f56bfc062723c751e8b465ee728b)  -> (artifact id: '60df7f2bd6c3a72ee28daf61ac9b5d9e') in 0.005449 seconds
  Import took 0.007780 seconds .

========================================================================
Received Import Request.
  Time since last request: 0.823750 seconds.
  path: Assets/Scripts/StarSystemsScript.cs
  artifactKey: Guid(1ce42648d95ab6d47bd992dab46f4942) Importer(815301076,1909f56bfc062723c751e8b465ee728b)
Start importing Assets/Scripts/StarSystemsScript.cs using Guid(1ce42648d95ab6d47bd992dab46f4942) Importer(815301076,1909f56bfc062723c751e8b465ee728b)  -> (artifact id: '60df7f2bd6c3a72ee28daf61ac9b5d9e') in 0.001912 seconds
  Import took 0.003851 seconds .

========================================================================
Received Prepare
Registering precompiled user dll's ...
Registered in 0.003884 seconds.
Begin MonoManager ReloadAssembly
Native extension for WindowsStandalone target not found
Native extension for WebGL target not found
Refreshing native plugins compatible for Editor in 0.30 ms, found 2 plugins.
Preloading 0 native plugins for Editor in 0.00 ms.
Mono: successfully reloaded assembly
- Completed reload, in  0.788 seconds
Platform modules already initialized, skipping
Refreshing native plugins compatible for Editor in 0.30 ms, found 2 plugins.
Preloading 0 native plugins for Editor in 0.00 ms.
Unloading 1387 Unused Serialized files (Serialized files now loaded: 0)
System memory in use before: 143.9 MB.
System memory in use after: 144.0 MB.

Unloading 14 unused Assets to reduce memory usage. Loaded Objects now: 1865.
Total: 1.606200 ms (FindLiveObjects: 0.149600 ms CreateObjectMapping: 0.043900 ms MarkObjects: 1.365300 ms  DeleteObjects: 0.046800 ms)

========================================================================
Received Prepare
Registering precompiled user dll's ...
Registered in 0.002818 seconds.
Begin MonoManager ReloadAssembly
Native extension for WindowsStandalone target not found
Native extension for WebGL target not found
Refreshing native plugins compatible for Editor in 0.34 ms, found 2 plugins.
Preloading 0 native plugins for Editor in 0.00 ms.
Mono: successfully reloaded assembly
- Completed reload, in  0.860 seconds
Platform modules already initialized, skipping
Refreshing native plugins compatible for Editor in 0.34 ms, found 2 plugins.
Preloading 0 native plugins for Editor in 0.00 ms.
Unloading 1387 Unused Serialized files (Serialized files now loaded: 0)
System memory in use before: 143.9 MB.
System memory in use after: 144.0 MB.

Unloading 14 unused Assets to reduce memory usage. Loaded Objects now: 1868.
Total: 1.803700 ms (FindLiveObjects: 0.157700 ms CreateObjectMapping: 0.062600 ms MarkObjects: 1.528000 ms  DeleteObjects: 0.054500 ms)

========================================================================
Received Prepare
Registering precompiled user dll's ...
Registered in 0.491464 seconds.
Begin MonoManager ReloadAssembly
Native extension for WindowsStandalone target not found
Native extension for WebGL target not found
Refreshing native plugins compatible for Editor in 0.33 ms, found 2 plugins.
Preloading 0 native plugins for Editor in 0.00 ms.
Mono: successfully reloaded assembly
- Completed reload, in  4.837 seconds
Platform modules already initialized, skipping
Refreshing native plugins compatible for Editor in 0.30 ms, found 2 plugins.
Preloading 0 native plugins for Editor in 0.00 ms.
Unloading 1387 Unused Serialized files (Serialized files now loaded: 0)
System memory in use before: 143.9 MB.
System memory in use after: 144.0 MB.

Unloading 14 unused Assets to reduce memory usage. Loaded Objects now: 1871.
Total: 1.613700 ms (FindLiveObjects: 0.152600 ms CreateObjectMapping: 0.042500 ms MarkObjects: 1.357200 ms  DeleteObjects: 0.060600 ms)

========================================================================
Received Prepare
Registering precompiled user dll's ...
Registered in 0.002880 seconds.
Begin MonoManager ReloadAssembly
Native extension for WindowsStandalone target not found
Native extension for WebGL target not found
Refreshing native plugins compatible for Editor in 0.30 ms, found 2 plugins.
Preloading 0 native plugins for Editor in 0.00 ms.
Mono: successfully reloaded assembly
- Completed reload, in  0.810 seconds
Platform modules already initialized, skipping
Refreshing native plugins compatible for Editor in 0.30 ms, found 2 plugins.
Preloading 0 native plugins for Editor in 0.00 ms.
Unloading 1387 Unused Serialized files (Serialized files now loaded: 0)
System memory in use before: 143.9 MB.
System memory in use after: 144.0 MB.

Unloading 14 unused Assets to reduce memory usage. Loaded Objects now: 1874.
Total: 1.655400 ms (FindLiveObjects: 0.135600 ms CreateObjectMapping: 0.039300 ms MarkObjects: 1.430100 ms  DeleteObjects: 0.049700 ms)

========================================================================
Received Import Request.
  Time since last request: 41523.904113 seconds.
  path: Assets/Jsons/SystemsList.json
  artifactKey: Guid(a52b8f71316d9b4438a4881758c8a4b4) Importer(815301076,1909f56bfc062723c751e8b465ee728b)
Start importing Assets/Jsons/SystemsList.json using Guid(a52b8f71316d9b4438a4881758c8a4b4) Importer(815301076,1909f56bfc062723c751e8b465ee728b)  -> (artifact id: 'ec1eaf6a7ec6fdf0bb950635e1884e76') in 0.052891 seconds
  Import took 0.055139 seconds .

========================================================================
Received Prepare
Registering precompiled user dll's ...
Registered in 0.002839 seconds.
Begin MonoManager ReloadAssembly
Native extension for WindowsStandalone target not found
Native extension for WebGL target not found
Refreshing native plugins compatible for Editor in 0.31 ms, found 2 plugins.
Preloading 0 native plugins for Editor in 0.00 ms.
Mono: successfully reloaded assembly
- Completed reload, in  0.821 seconds
Platform modules already initialized, skipping
Refreshing native plugins compatible for Editor in 0.30 ms, found 2 plugins.
Preloading 0 native plugins for Editor in 0.00 ms.
Unloading 1387 Unused Serialized files (Serialized files now loaded: 0)
System memory in use before: 143.9 MB.
System memory in use after: 144.0 MB.

Unloading 14 unused Assets to reduce memory usage. Loaded Objects now: 1877.
Total: 1.616800 ms (FindLiveObjects: 0.134200 ms CreateObjectMapping: 0.036600 ms MarkObjects: 1.397200 ms  DeleteObjects: 0.048100 ms)

========================================================================
Received Prepare
Registering precompiled user dll's ...
Registered in 0.003118 seconds.
Begin MonoManager ReloadAssembly
Native extension for WindowsStandalone target not found
Native extension for WebGL target not found
Refreshing native plugins compatible for Editor in 0.31 ms, found 2 plugins.
Preloading 0 native plugins for Editor in 0.00 ms.
Mono: successfully reloaded assembly
- Completed reload, in  0.800 seconds
Platform modules already initialized, skipping
Refreshing native plugins compatible for Editor in 0.32 ms, found 2 plugins.
Preloading 0 native plugins for Editor in 0.00 ms.
Unloading 1387 Unused Serialized files (Serialized files now loaded: 0)
System memory in use before: 143.9 MB.
System memory in use after: 144.0 MB.

Unloading 14 unused Assets to reduce memory usage. Loaded Objects now: 1880.
Total: 1.572300 ms (FindLiveObjects: 0.134300 ms CreateObjectMapping: 0.040000 ms MarkObjects: 1.350600 ms  DeleteObjects: 0.046600 ms)

========================================================================
Received Prepare
Registering precompiled user dll's ...
Registered in 0.002875 seconds.
Begin MonoManager ReloadAssembly
Native extension for WindowsStandalone target not found
Native extension for WebGL target not found
Refreshing native plugins compatible for Editor in 0.32 ms, found 2 plugins.
Preloading 0 native plugins for Editor in 0.00 ms.
Mono: successfully reloaded assembly
- Completed reload, in  0.817 seconds
Platform modules already initialized, skipping
Refreshing native plugins compatible for Editor in 0.30 ms, found 2 plugins.
Preloading 0 native plugins for Editor in 0.00 ms.
Unloading 1387 Unused Serialized files (Serialized files now loaded: 0)
System memory in use before: 143.9 MB.
System memory in use after: 144.0 MB.

Unloading 14 unused Assets to reduce memory usage. Loaded Objects now: 1883.
Total: 1.605900 ms (FindLiveObjects: 0.135900 ms CreateObjectMapping: 0.037000 ms MarkObjects: 1.386200 ms  DeleteObjects: 0.046100 ms)

========================================================================
Received Prepare
Registering precompiled user dll's ...
Registered in 0.002873 seconds.
Begin MonoManager ReloadAssembly
Native extension for WindowsStandalone target not found
Native extension for WebGL target not found
Refreshing native plugins compatible for Editor in 0.30 ms, found 2 plugins.
Preloading 0 native plugins for Editor in 0.00 ms.
Mono: successfully reloaded assembly
- Completed reload, in  0.813 seconds
Platform modules already initialized, skipping
Refreshing native plugins compatible for Editor in 0.31 ms, found 2 plugins.
Preloading 0 native plugins for Editor in 0.00 ms.
Unloading 1387 Unused Serialized files (Serialized files now loaded: 0)
System memory in use before: 143.9 MB.
System memory in use after: 144.0 MB.

Unloading 14 unused Assets to reduce memory usage. Loaded Objects now: 1886.
Total: 1.744900 ms (FindLiveObjects: 0.144000 ms CreateObjectMapping: 0.066400 ms MarkObjects: 1.478800 ms  DeleteObjects: 0.054900 ms)

========================================================================
Received Prepare
Registering precompiled user dll's ...
Registered in 0.002911 seconds.
Begin MonoManager ReloadAssembly
Native extension for WindowsStandalone target not found
Native extension for WebGL target not found
Refreshing native plugins compatible for Editor in 0.31 ms, found 2 plugins.
Preloading 0 native plugins for Editor in 0.00 ms.
Mono: successfully reloaded assembly
- Completed reload, in  0.836 seconds
Platform modules already initialized, skipping
Refreshing native plugins compatible for Editor in 0.30 ms, found 2 plugins.
Preloading 0 native plugins for Editor in 0.00 ms.
Unloading 1387 Unused Serialized files (Serialized files now loaded: 0)
System memory in use before: 144.0 MB.
System memory in use after: 144.0 MB.

Unloading 14 unused Assets to reduce memory usage. Loaded Objects now: 1889.
Total: 1.636500 ms (FindLiveObjects: 0.130900 ms CreateObjectMapping: 0.038700 ms MarkObjects: 1.417100 ms  DeleteObjects: 0.049000 ms)

========================================================================
Received Prepare
Registering precompiled user dll's ...
Registered in 0.002868 seconds.
Begin MonoManager ReloadAssembly
Native extension for WindowsStandalone target not found
Native extension for WebGL target not found
Refreshing native plugins compatible for Editor in 0.30 ms, found 2 plugins.
Preloading 0 native plugins for Editor in 0.00 ms.
Mono: successfully reloaded assembly
- Completed reload, in  0.825 seconds
Platform modules already initialized, skipping
Refreshing native plugins compatible for Editor in 0.30 ms, found 2 plugins.
Preloading 0 native plugins for Editor in 0.00 ms.
Unloading 1387 Unused Serialized files (Serialized files now loaded: 0)
System memory in use before: 144.0 MB.
System memory in use after: 144.0 MB.

Unloading 14 unused Assets to reduce memory usage. Loaded Objects now: 1892.
Total: 1.667200 ms (FindLiveObjects: 0.143300 ms CreateObjectMapping: 0.037300 ms MarkObjects: 1.434700 ms  DeleteObjects: 0.051000 ms)

========================================================================
Received Import Request.
  Time since last request: 1581.977400 seconds.
  path: Assets/Jsons/StarSystems.json
  artifactKey: Guid(08f8f42694f2c7448980b0f37162ba32) Importer(815301076,1909f56bfc062723c751e8b465ee728b)
Start importing Assets/Jsons/StarSystems.json using Guid(08f8f42694f2c7448980b0f37162ba32) Importer(815301076,1909f56bfc062723c751e8b465ee728b)  -> (artifact id: 'b70eeefafe9e7690a876a4ab7307ce5b') in 0.032188 seconds
  Import took 0.034589 seconds .

========================================================================
Received Import Request.
  Time since last request: 0.248112 seconds.
  path: Assets/Jsons/SystemsList.json
  artifactKey: Guid(a52b8f71316d9b4438a4881758c8a4b4) Importer(815301076,1909f56bfc062723c751e8b465ee728b)
Start importing Assets/Jsons/SystemsList.json using Guid(a52b8f71316d9b4438a4881758c8a4b4) Importer(815301076,1909f56bfc062723c751e8b465ee728b)  -> (artifact id: '99447c2f2b38d25d7ad70b419cdd0245') in 0.005651 seconds
  Import took 0.007602 seconds .

========================================================================
Received Prepare
Registering precompiled user dll's ...
Registered in 0.002856 seconds.
Begin MonoManager ReloadAssembly
Native extension for WindowsStandalone target not found
Native extension for WebGL target not found
Refreshing native plugins compatible for Editor in 0.30 ms, found 2 plugins.
Preloading 0 native plugins for Editor in 0.00 ms.
Mono: successfully reloaded assembly
- Completed reload, in  0.801 seconds
Platform modules already initialized, skipping
Refreshing native plugins compatible for Editor in 0.30 ms, found 2 plugins.
Preloading 0 native plugins for Editor in 0.00 ms.
Unloading 1387 Unused Serialized files (Serialized files now loaded: 0)
System memory in use before: 144.0 MB.
System memory in use after: 144.0 MB.

Unloading 14 unused Assets to reduce memory usage. Loaded Objects now: 1895.
Total: 1.608100 ms (FindLiveObjects: 0.136000 ms CreateObjectMapping: 0.039100 ms MarkObjects: 1.383100 ms  DeleteObjects: 0.049400 ms)

========================================================================
Received Prepare
Registering precompiled user dll's ...
Registered in 0.002767 seconds.
Begin MonoManager ReloadAssembly
Native extension for WindowsStandalone target not found
Native extension for WebGL target not found
Refreshing native plugins compatible for Editor in 0.29 ms, found 2 plugins.
Preloading 0 native plugins for Editor in 0.00 ms.
Mono: successfully reloaded assembly
- Completed reload, in  0.800 seconds
Platform modules already initialized, skipping
Refreshing native plugins compatible for Editor in 0.32 ms, found 2 plugins.
Preloading 0 native plugins for Editor in 0.00 ms.
Unloading 1387 Unused Serialized files (Serialized files now loaded: 0)
System memory in use before: 144.0 MB.
System memory in use after: 144.0 MB.

Unloading 14 unused Assets to reduce memory usage. Loaded Objects now: 1898.
Total: 1.684000 ms (FindLiveObjects: 0.139900 ms CreateObjectMapping: 0.037500 ms MarkObjects: 1.452900 ms  DeleteObjects: 0.052400 ms)

========================================================================
Received Prepare
Registering precompiled user dll's ...
Registered in 0.002816 seconds.
Begin MonoManager ReloadAssembly
Native extension for WindowsStandalone target not found
Native extension for WebGL target not found
Refreshing native plugins compatible for Editor in 0.33 ms, found 2 plugins.
Preloading 0 native plugins for Editor in 0.00 ms.
Mono: successfully reloaded assembly
- Completed reload, in  0.822 seconds
Platform modules already initialized, skipping
Refreshing native plugins compatible for Editor in 0.30 ms, found 2 plugins.
Preloading 0 native plugins for Editor in 0.00 ms.
Unloading 1387 Unused Serialized files (Serialized files now loaded: 0)
System memory in use before: 144.0 MB.
System memory in use after: 144.1 MB.

Unloading 14 unused Assets to reduce memory usage. Loaded Objects now: 1901.
Total: 1.664400 ms (FindLiveObjects: 0.136500 ms CreateObjectMapping: 0.037800 ms MarkObjects: 1.436600 ms  DeleteObjects: 0.052800 ms)

========================================================================
Received Prepare
Registering precompiled user dll's ...
Registered in 0.002853 seconds.
Begin MonoManager ReloadAssembly
Native extension for WindowsStandalone target not found
Native extension for WebGL target not found
Refreshing native plugins compatible for Editor in 0.30 ms, found 2 plugins.
Preloading 0 native plugins for Editor in 0.00 ms.
Mono: successfully reloaded assembly
- Completed reload, in  0.809 seconds
Platform modules already initialized, skipping
Refreshing native plugins compatible for Editor in 0.32 ms, found 2 plugins.
Preloading 0 native plugins for Editor in 0.00 ms.
Unloading 1387 Unused Serialized files (Serialized files now loaded: 0)
System memory in use before: 144.0 MB.
System memory in use after: 144.1 MB.

Unloading 14 unused Assets to reduce memory usage. Loaded Objects now: 1904.
Total: 1.705900 ms (FindLiveObjects: 0.134500 ms CreateObjectMapping: 0.039100 ms MarkObjects: 1.483400 ms  DeleteObjects: 0.047900 ms)

========================================================================
Received Prepare
Registering precompiled user dll's ...
Registered in 0.002828 seconds.
Begin MonoManager ReloadAssembly
Native extension for WindowsStandalone target not found
Native extension for WebGL target not found
Refreshing native plugins compatible for Editor in 0.31 ms, found 2 plugins.
Preloading 0 native plugins for Editor in 0.00 ms.
Mono: successfully reloaded assembly
- Completed reload, in  0.800 seconds
Platform modules already initialized, skipping
Refreshing native plugins compatible for Editor in 0.30 ms, found 2 plugins.
Preloading 0 native plugins for Editor in 0.00 ms.
Unloading 1387 Unused Serialized files (Serialized files now loaded: 0)
System memory in use before: 144.0 MB.
System memory in use after: 144.1 MB.

Unloading 14 unused Assets to reduce memory usage. Loaded Objects now: 1907.
Total: 1.639200 ms (FindLiveObjects: 0.133900 ms CreateObjectMapping: 0.038700 ms MarkObjects: 1.418200 ms  DeleteObjects: 0.047500 ms)

========================================================================
Received Prepare
Registering precompiled user dll's ...
Registered in 0.002927 seconds.
Begin MonoManager ReloadAssembly
Native extension for WindowsStandalone target not found
Native extension for WebGL target not found
Refreshing native plugins compatible for Editor in 0.32 ms, found 2 plugins.
Preloading 0 native plugins for Editor in 0.00 ms.
Mono: successfully reloaded assembly
- Completed reload, in  0.801 seconds
Platform modules already initialized, skipping
Refreshing native plugins compatible for Editor in 0.31 ms, found 2 plugins.
Preloading 0 native plugins for Editor in 0.00 ms.
Unloading 1383 Unused Serialized files (Serialized files now loaded: 0)
System memory in use before: 143.9 MB.
System memory in use after: 144.0 MB.

Unloading 18 unused Assets to reduce memory usage. Loaded Objects now: 1906.
Total: 1.580800 ms (FindLiveObjects: 0.136300 ms CreateObjectMapping: 0.038200 ms MarkObjects: 1.352900 ms  DeleteObjects: 0.052600 ms)

========================================================================
Received Import Request.
  Time since last request: 1106.609383 seconds.
  path: Assets/Prefabs
  artifactKey: Guid(36ab8e7f2823fc643940f51c8e0434b8) Importer(815301076,1909f56bfc062723c751e8b465ee728b)
Start importing Assets/Prefabs using Guid(36ab8e7f2823fc643940f51c8e0434b8) Importer(815301076,1909f56bfc062723c751e8b465ee728b)  -> (artifact id: 'fe6277100f686f31a7f1d7bf34c0a8fe') in 0.007962 seconds
  Import took 0.010117 seconds .

========================================================================
Received Import Request.
  Time since last request: 0.000344 seconds.
  path: Assets/Prefabs
  artifactKey: Guid(36ab8e7f2823fc643940f51c8e0434b8) Importer(815301076,1909f56bfc062723c751e8b465ee728b)
Start importing Assets/Prefabs using Guid(36ab8e7f2823fc643940f51c8e0434b8) Importer(815301076,1909f56bfc062723c751e8b465ee728b)  -> (artifact id: 'fe6277100f686f31a7f1d7bf34c0a8fe') in 0.001967 seconds
  Import took 0.003989 seconds .

========================================================================
Received Import Request.
  Time since last request: 7.611037 seconds.
  path: Assets/Prefabs/Cube.prefab
  artifactKey: Guid(8c3c80bfd2059944192b8d4d721fddc2) Importer(815301076,1909f56bfc062723c751e8b465ee728b)
Start importing Assets/Prefabs/Cube.prefab using Guid(8c3c80bfd2059944192b8d4d721fddc2) Importer(815301076,1909f56bfc062723c751e8b465ee728b)  -> (artifact id: '59c9bfbc32e7cf1fe7712bf499f8bd09') in 0.097701 seconds
  Import took 0.099839 seconds .

========================================================================
Received Import Request.
  Time since last request: 15.128272 seconds.
  path: Assets/Prefabs/Cube.prefab
  artifactKey: Guid(8c3c80bfd2059944192b8d4d721fddc2) Importer(815301076,1909f56bfc062723c751e8b465ee728b)
Start importing Assets/Prefabs/Cube.prefab using Guid(8c3c80bfd2059944192b8d4d721fddc2) Importer(815301076,1909f56bfc062723c751e8b465ee728b)  -> (artifact id: 'e801e90da3bebb4d12c62359dc5c9682') in 0.011227 seconds
  Import took 0.013730 seconds .

========================================================================
Received Import Request.
  Time since last request: 1.787436 seconds.
  path: Assets/Prefabs/Cube.prefab
  artifactKey: Guid(8c3c80bfd2059944192b8d4d721fddc2) Importer(815301076,1909f56bfc062723c751e8b465ee728b)
Start importing Assets/Prefabs/Cube.prefab using Guid(8c3c80bfd2059944192b8d4d721fddc2) Importer(815301076,1909f56bfc062723c751e8b465ee728b)  -> (artifact id: '1f3286c60f586c10c45e676df31c14d4') in 0.008977 seconds
  Import took 0.011195 seconds .

========================================================================
Received Import Request.
  Time since last request: 1.348607 seconds.
  path: Assets/Prefabs/Cube.prefab
  artifactKey: Guid(8c3c80bfd2059944192b8d4d721fddc2) Importer(815301076,1909f56bfc062723c751e8b465ee728b)
Start importing Assets/Prefabs/Cube.prefab using Guid(8c3c80bfd2059944192b8d4d721fddc2) Importer(815301076,1909f56bfc062723c751e8b465ee728b)  -> (artifact id: 'a39887a0b85291be0088cb946832210d') in 0.007902 seconds
  Import took 0.010027 seconds .

========================================================================
Received Prepare
Registering precompiled user dll's ...
Registered in 0.003032 seconds.
Begin MonoManager ReloadAssembly
Native extension for WindowsStandalone target not found
Native extension for WebGL target not found
Refreshing native plugins compatible for Editor in 0.30 ms, found 2 plugins.
Preloading 0 native plugins for Editor in 0.00 ms.
Mono: successfully reloaded assembly
- Completed reload, in  0.829 seconds
Platform modules already initialized, skipping
Refreshing native plugins compatible for Editor in 0.29 ms, found 2 plugins.
Preloading 0 native plugins for Editor in 0.00 ms.
Unloading 1383 Unused Serialized files (Serialized files now loaded: 0)
System memory in use before: 147.0 MB.
System memory in use after: 147.1 MB.

Unloading 15 unused Assets to reduce memory usage. Loaded Objects now: 1917.
Total: 1.632500 ms (FindLiveObjects: 0.140100 ms CreateObjectMapping: 0.039000 ms MarkObjects: 1.400100 ms  DeleteObjects: 0.052700 ms)

========================================================================
Received Import Request.
  Time since last request: 286.292361 seconds.
  path: Assets/Prefabs/Cube.prefab
  artifactKey: Guid(8c3c80bfd2059944192b8d4d721fddc2) Importer(815301076,1909f56bfc062723c751e8b465ee728b)
Start importing Assets/Prefabs/Cube.prefab using Guid(8c3c80bfd2059944192b8d4d721fddc2) Importer(815301076,1909f56bfc062723c751e8b465ee728b)  -> (artifact id: 'cb0e618ff21a34481e4a032f2f653cd2') in 0.045679 seconds
  Import took 0.047680 seconds .

========================================================================
Received Import Request.
  Time since last request: 9.518199 seconds.
  path: Assets/SpaceBox/Models/SpaceCube_Nebulas.dae
  artifactKey: Guid(34e3e96a952385c4e85331a2adc5353b) Importer(815301076,1909f56bfc062723c751e8b465ee728b)
Start importing Assets/SpaceBox/Models/SpaceCube_Nebulas.dae using Guid(34e3e96a952385c4e85331a2adc5353b) Importer(815301076,1909f56bfc062723c751e8b465ee728b)  -> (artifact id: '5054c3c1d4a993f3cf87c8b031b16658') in 2.161980 seconds
  Import took 2.168467 seconds .

========================================================================
Received Import Request.
  Time since last request: 0.000173 seconds.
  path: Assets/SpaceBox/Models/SpaceCube_Back.dae
  artifactKey: Guid(ca241f3a934759546807f420c1de5011) Importer(815301076,1909f56bfc062723c751e8b465ee728b)
Start importing Assets/SpaceBox/Models/SpaceCube_Back.dae using Guid(ca241f3a934759546807f420c1de5011) Importer(815301076,1909f56bfc062723c751e8b465ee728b)  -> (artifact id: '01682bf80e476f85e3892dc6422ecb54') in 0.098033 seconds
  Import took 0.100289 seconds .

========================================================================
Received Import Request.
  Time since last request: 28.648865 seconds.
  path: Assets/Prefabs/StarSystem.prefab
  artifactKey: Guid(8c3c80bfd2059944192b8d4d721fddc2) Importer(815301076,1909f56bfc062723c751e8b465ee728b)
Start importing Assets/Prefabs/StarSystem.prefab using Guid(8c3c80bfd2059944192b8d4d721fddc2) Importer(815301076,1909f56bfc062723c751e8b465ee728b)  -> (artifact id: '4de38be14c08c918fb71dbbbef1c7dce') in 0.011672 seconds
  Import took 0.014037 seconds .

========================================================================
Received Import Request.
  Time since last request: 227.303482 seconds.
  path: Assets/Materials/StarSysteml.mat
  artifactKey: Guid(2e3bfd628dcfe224f81380fae4b26049) Importer(815301076,1909f56bfc062723c751e8b465ee728b)
Start importing Assets/Materials/StarSysteml.mat using Guid(2e3bfd628dcfe224f81380fae4b26049) Importer(815301076,1909f56bfc062723c751e8b465ee728b)  -> (artifact id: 'b086e599abf71569739b13dd23e7e608') in 0.055638 seconds
  Import took 0.063380 seconds .

========================================================================
Received Import Request.
  Time since last request: 5.387445 seconds.
  path: Assets/Materials/StarSystem.mat
  artifactKey: Guid(2e3bfd628dcfe224f81380fae4b26049) Importer(815301076,1909f56bfc062723c751e8b465ee728b)
Start importing Assets/Materials/StarSystem.mat using Guid(2e3bfd628dcfe224f81380fae4b26049) Importer(815301076,1909f56bfc062723c751e8b465ee728b)  -> (artifact id: '40ffbdd5527181706be818ddbfa18861') in 0.010192 seconds
  Import took 0.012343 seconds .

========================================================================
Received Prepare
Registering precompiled user dll's ...
Registered in 0.003001 seconds.
Begin MonoManager ReloadAssembly
Native extension for WindowsStandalone target not found
Native extension for WebGL target not found
Refreshing native plugins compatible for Editor in 0.29 ms, found 2 plugins.
Preloading 0 native plugins for Editor in 0.00 ms.
Mono: successfully reloaded assembly
- Completed reload, in  0.817 seconds
Platform modules already initialized, skipping
Refreshing native plugins compatible for Editor in 0.30 ms, found 2 plugins.
Preloading 0 native plugins for Editor in 0.00 ms.
Unloading 1383 Unused Serialized files (Serialized files now loaded: 0)
System memory in use before: 148.8 MB.
System memory in use after: 148.8 MB.

Unloading 15 unused Assets to reduce memory usage. Loaded Objects now: 1957.
Total: 1.641800 ms (FindLiveObjects: 0.141500 ms CreateObjectMapping: 0.040000 ms MarkObjects: 1.407500 ms  DeleteObjects: 0.052000 ms)

========================================================================
Received Import Request.
  Time since last request: 89.025112 seconds.
  path: Assets/Prefabs/StarSystem.prefab
  artifactKey: Guid(8c3c80bfd2059944192b8d4d721fddc2) Importer(815301076,1909f56bfc062723c751e8b465ee728b)
Start importing Assets/Prefabs/StarSystem.prefab using Guid(8c3c80bfd2059944192b8d4d721fddc2) Importer(815301076,1909f56bfc062723c751e8b465ee728b)  -> (artifact id: '2e23b242ce1c9dc75d8603d80f53b0c1') in 0.045393 seconds
  Import took 0.047465 seconds .

========================================================================
Received Prepare
Registering precompiled user dll's ...
Registered in 0.002985 seconds.
Begin MonoManager ReloadAssembly
Native extension for WindowsStandalone target not found
Native extension for WebGL target not found
Refreshing native plugins compatible for Editor in 0.45 ms, found 2 plugins.
Preloading 0 native plugins for Editor in 0.00 ms.
Mono: successfully reloaded assembly
- Completed reload, in  0.888 seconds
Platform modules already initialized, skipping
Refreshing native plugins compatible for Editor in 0.43 ms, found 2 plugins.
Preloading 0 native plugins for Editor in 0.00 ms.
Unloading 1383 Unused Serialized files (Serialized files now loaded: 0)
System memory in use before: 148.8 MB.
System memory in use after: 148.9 MB.

Unloading 15 unused Assets to reduce memory usage. Loaded Objects now: 1961.
Total: 2.010400 ms (FindLiveObjects: 0.174800 ms CreateObjectMapping: 0.075600 ms MarkObjects: 1.697300 ms  DeleteObjects: 0.061400 ms)

========================================================================
Received Prepare
Registering precompiled user dll's ...
Registered in 0.002820 seconds.
Begin MonoManager ReloadAssembly
Native extension for WindowsStandalone target not found
Native extension for WebGL target not found
Refreshing native plugins compatible for Editor in 0.29 ms, found 2 plugins.
Preloading 0 native plugins for Editor in 0.00 ms.
Mono: successfully reloaded assembly
- Completed reload, in  0.816 seconds
Platform modules already initialized, skipping
Refreshing native plugins compatible for Editor in 0.29 ms, found 2 plugins.
Preloading 0 native plugins for Editor in 0.00 ms.
Unloading 1383 Unused Serialized files (Serialized files now loaded: 0)
System memory in use before: 148.8 MB.
System memory in use after: 148.9 MB.

Unloading 14 unused Assets to reduce memory usage. Loaded Objects now: 1964.
Total: 1.609900 ms (FindLiveObjects: 0.149400 ms CreateObjectMapping: 0.048300 ms MarkObjects: 1.366100 ms  DeleteObjects: 0.045200 ms)

========================================================================
Received Prepare
Registering precompiled user dll's ...
Registered in 0.002837 seconds.
Begin MonoManager ReloadAssembly
Native extension for WindowsStandalone target not found
Native extension for WebGL target not found
Refreshing native plugins compatible for Editor in 0.29 ms, found 2 plugins.
Preloading 0 native plugins for Editor in 0.00 ms.
Mono: successfully reloaded assembly
- Completed reload, in  0.812 seconds
Platform modules already initialized, skipping
Refreshing native plugins compatible for Editor in 0.30 ms, found 2 plugins.
Preloading 0 native plugins for Editor in 0.00 ms.
Unloading 1383 Unused Serialized files (Serialized files now loaded: 0)
System memory in use before: 148.8 MB.
System memory in use after: 148.9 MB.

Unloading 14 unused Assets to reduce memory usage. Loaded Objects now: 1967.
Total: 1.587700 ms (FindLiveObjects: 0.142800 ms CreateObjectMapping: 0.041100 ms MarkObjects: 1.355400 ms  DeleteObjects: 0.047700 ms)

========================================================================
Received Prepare
Registering precompiled user dll's ...
Registered in 0.003094 seconds.
Begin MonoManager ReloadAssembly
Native extension for WindowsStandalone target not found
Native extension for WebGL target not found
Refreshing native plugins compatible for Editor in 0.29 ms, found 2 plugins.
Preloading 0 native plugins for Editor in 0.00 ms.
Mono: successfully reloaded assembly
- Completed reload, in  0.873 seconds
Platform modules already initialized, skipping
Refreshing native plugins compatible for Editor in 0.30 ms, found 2 plugins.
Preloading 0 native plugins for Editor in 0.00 ms.
Unloading 1383 Unused Serialized files (Serialized files now loaded: 0)
System memory in use before: 148.8 MB.
System memory in use after: 148.9 MB.

Unloading 14 unused Assets to reduce memory usage. Loaded Objects now: 1970.
Total: 1.567500 ms (FindLiveObjects: 0.139800 ms CreateObjectMapping: 0.038400 ms MarkObjects: 1.341200 ms  DeleteObjects: 0.047300 ms)

========================================================================
Received Import Request.
  Time since last request: 325.060965 seconds.
  path: Assets/SpaceBox/Models
  artifactKey: Guid(3975c3dc781f3964990aa8aabef475a0) Importer(815301076,1909f56bfc062723c751e8b465ee728b)
Start importing Assets/SpaceBox/Models using Guid(3975c3dc781f3964990aa8aabef475a0) Importer(815301076,1909f56bfc062723c751e8b465ee728b)  -> (artifact id: '65a1136cafcc4546dc82eb871c1a77df') in 0.008137 seconds
  Import took 0.010290 seconds .

========================================================================
Received Prepare
Registering precompiled user dll's ...
Registered in 0.002867 seconds.
Begin MonoManager ReloadAssembly
Native extension for WindowsStandalone target not found
Native extension for WebGL target not found
Refreshing native plugins compatible for Editor in 0.29 ms, found 2 plugins.
Preloading 0 native plugins for Editor in 0.00 ms.
Mono: successfully reloaded assembly
- Completed reload, in  0.821 seconds
Platform modules already initialized, skipping
Refreshing native plugins compatible for Editor in 0.31 ms, found 2 plugins.
Preloading 0 native plugins for Editor in 0.00 ms.
Unloading 1383 Unused Serialized files (Serialized files now loaded: 0)
System memory in use before: 148.8 MB.
System memory in use after: 148.9 MB.

Unloading 14 unused Assets to reduce memory usage. Loaded Objects now: 1973.
Total: 1.808100 ms (FindLiveObjects: 0.156300 ms CreateObjectMapping: 0.043600 ms MarkObjects: 1.551700 ms  DeleteObjects: 0.055700 ms)

========================================================================
Received Prepare
Registering precompiled user dll's ...
Registered in 0.003050 seconds.
Begin MonoManager ReloadAssembly
Native extension for WindowsStandalone target not found
Native extension for WebGL target not found
Refreshing native plugins compatible for Editor in 0.30 ms, found 2 plugins.
Preloading 0 native plugins for Editor in 0.00 ms.
Mono: successfully reloaded assembly
- Completed reload, in  0.877 seconds
Platform modules already initialized, skipping
Refreshing native plugins compatible for Editor in 0.32 ms, found 2 plugins.
Preloading 0 native plugins for Editor in 0.00 ms.
Unloading 1383 Unused Serialized files (Serialized files now loaded: 0)
System memory in use before: 148.8 MB.
System memory in use after: 148.9 MB.

Unloading 14 unused Assets to reduce memory usage. Loaded Objects now: 1976.
Total: 1.727300 ms (FindLiveObjects: 0.164900 ms CreateObjectMapping: 0.047900 ms MarkObjects: 1.459500 ms  DeleteObjects: 0.054100 ms)

========================================================================
Received Import Request.
  Time since last request: 131.015787 seconds.
  path: Assets/Cube.prefab
  artifactKey: Guid(08043eb1925066b42a9223e9404aaa43) Importer(815301076,1909f56bfc062723c751e8b465ee728b)
Start importing Assets/Cube.prefab using Guid(08043eb1925066b42a9223e9404aaa43) Importer(815301076,1909f56bfc062723c751e8b465ee728b)  -> (artifact id: '17aca9ad707eefd43f148535b1355e03') in 0.064332 seconds
  Import took 0.066528 seconds .

========================================================================
Received Import Request.
  Time since last request: 6.152016 seconds.
  path: Assets/test.prefab
  artifactKey: Guid(08043eb1925066b42a9223e9404aaa43) Importer(815301076,1909f56bfc062723c751e8b465ee728b)
Start importing Assets/test.prefab using Guid(08043eb1925066b42a9223e9404aaa43) Importer(815301076,1909f56bfc062723c751e8b465ee728b)  -> (artifact id: '22ac4f6eb8a0909c7db5250efadf96dc') in 0.009539 seconds
  Import took 0.011644 seconds .

========================================================================
Received Prepare
Registering precompiled user dll's ...
Registered in 0.002879 seconds.
Begin MonoManager ReloadAssembly
Native extension for WindowsStandalone target not found
Native extension for WebGL target not found
Refreshing native plugins compatible for Editor in 0.29 ms, found 2 plugins.
Preloading 0 native plugins for Editor in 0.00 ms.
Mono: successfully reloaded assembly
- Completed reload, in  0.827 seconds
Platform modules already initialized, skipping
Refreshing native plugins compatible for Editor in 0.29 ms, found 2 plugins.
Preloading 0 native plugins for Editor in 0.00 ms.
Unloading 1383 Unused Serialized files (Serialized files now loaded: 0)
System memory in use before: 148.8 MB.
System memory in use after: 148.9 MB.

Unloading 15 unused Assets to reduce memory usage. Loaded Objects now: 1980.
Total: 1.658000 ms (FindLiveObjects: 0.149500 ms CreateObjectMapping: 0.043600 ms MarkObjects: 1.412400 ms  DeleteObjects: 0.051800 ms)

========================================================================
Received Prepare
Registering precompiled user dll's ...
Registered in 0.002890 seconds.
Begin MonoManager ReloadAssembly
Native extension for WindowsStandalone target not found
Native extension for WebGL target not found
Refreshing native plugins compatible for Editor in 0.29 ms, found 2 plugins.
Preloading 0 native plugins for Editor in 0.00 ms.
Mono: successfully reloaded assembly
- Completed reload, in  0.793 seconds
Platform modules already initialized, skipping
Refreshing native plugins compatible for Editor in 0.29 ms, found 2 plugins.
Preloading 0 native plugins for Editor in 0.00 ms.
Unloading 1383 Unused Serialized files (Serialized files now loaded: 0)
System memory in use before: 148.8 MB.
System memory in use after: 148.9 MB.

Unloading 14 unused Assets to reduce memory usage. Loaded Objects now: 1983.
Total: 1.669400 ms (FindLiveObjects: 0.156200 ms CreateObjectMapping: 0.039200 ms MarkObjects: 1.425600 ms  DeleteObjects: 0.047700 ms)

========================================================================
Received Prepare
Registering precompiled user dll's ...
Registered in 0.002907 seconds.
Begin MonoManager ReloadAssembly
Native extension for WindowsStandalone target not found
Native extension for WebGL target not found
Refreshing native plugins compatible for Editor in 0.30 ms, found 2 plugins.
Preloading 0 native plugins for Editor in 0.00 ms.
Mono: successfully reloaded assembly
- Completed reload, in  0.812 seconds
Platform modules already initialized, skipping
Refreshing native plugins compatible for Editor in 0.29 ms, found 2 plugins.
Preloading 0 native plugins for Editor in 0.00 ms.
Unloading 1383 Unused Serialized files (Serialized files now loaded: 0)
System memory in use before: 148.8 MB.
System memory in use after: 148.9 MB.

Unloading 14 unused Assets to reduce memory usage. Loaded Objects now: 1986.
Total: 1.612900 ms (FindLiveObjects: 0.144300 ms CreateObjectMapping: 0.042900 ms MarkObjects: 1.376100 ms  DeleteObjects: 0.048800 ms)

========================================================================
Received Prepare
Registering precompiled user dll's ...
Registered in 0.003390 seconds.
Begin MonoManager ReloadAssembly
Native extension for WindowsStandalone target not found
Native extension for WebGL target not found
Refreshing native plugins compatible for Editor in 0.31 ms, found 2 plugins.
Preloading 0 native plugins for Editor in 0.00 ms.
Mono: successfully reloaded assembly
- Completed reload, in  0.896 seconds
Platform modules already initialized, skipping
Refreshing native plugins compatible for Editor in 0.34 ms, found 2 plugins.
Preloading 0 native plugins for Editor in 0.00 ms.
Unloading 1383 Unused Serialized files (Serialized files now loaded: 0)
System memory in use before: 148.8 MB.
System memory in use after: 148.9 MB.

Unloading 14 unused Assets to reduce memory usage. Loaded Objects now: 1989.
Total: 1.883000 ms (FindLiveObjects: 0.164700 ms CreateObjectMapping: 0.044700 ms MarkObjects: 1.620300 ms  DeleteObjects: 0.052400 ms)

========================================================================
Received Prepare
Registering precompiled user dll's ...
Registered in 0.002821 seconds.
Begin MonoManager ReloadAssembly
Native extension for WindowsStandalone target not found
Native extension for WebGL target not found
Refreshing native plugins compatible for Editor in 0.30 ms, found 2 plugins.
Preloading 0 native plugins for Editor in 0.00 ms.
Mono: successfully reloaded assembly
- Completed reload, in  0.813 seconds
Platform modules already initialized, skipping
Refreshing native plugins compatible for Editor in 0.29 ms, found 2 plugins.
Preloading 0 native plugins for Editor in 0.00 ms.
Unloading 1383 Unused Serialized files (Serialized files now loaded: 0)
System memory in use before: 148.8 MB.
System memory in use after: 148.9 MB.

Unloading 14 unused Assets to reduce memory usage. Loaded Objects now: 1992.
Total: 1.592200 ms (FindLiveObjects: 0.149100 ms CreateObjectMapping: 0.038200 ms MarkObjects: 1.356100 ms  DeleteObjects: 0.048100 ms)

========================================================================
Received Prepare
Registering precompiled user dll's ...
Registered in 0.002759 seconds.
Begin MonoManager ReloadAssembly
Native extension for WindowsStandalone target not found
Native extension for WebGL target not found
Refreshing native plugins compatible for Editor in 0.29 ms, found 2 plugins.
Preloading 0 native plugins for Editor in 0.00 ms.
Mono: successfully reloaded assembly
- Completed reload, in  0.800 seconds
Platform modules already initialized, skipping
Refreshing native plugins compatible for Editor in 0.30 ms, found 2 plugins.
Preloading 0 native plugins for Editor in 0.00 ms.
Unloading 1383 Unused Serialized files (Serialized files now loaded: 0)
System memory in use before: 148.8 MB.
System memory in use after: 148.9 MB.

Unloading 14 unused Assets to reduce memory usage. Loaded Objects now: 1995.
Total: 1.587100 ms (FindLiveObjects: 0.141100 ms CreateObjectMapping: 0.039700 ms MarkObjects: 1.359400 ms  DeleteObjects: 0.046100 ms)

========================================================================
Received Prepare
Registering precompiled user dll's ...
Registered in 0.002751 seconds.
Begin MonoManager ReloadAssembly
Native extension for WindowsStandalone target not found
Native extension for WebGL target not found
Refreshing native plugins compatible for Editor in 0.29 ms, found 2 plugins.
Preloading 0 native plugins for Editor in 0.00 ms.
Mono: successfully reloaded assembly
- Completed reload, in  0.812 seconds
Platform modules already initialized, skipping
Refreshing native plugins compatible for Editor in 0.30 ms, found 2 plugins.
Preloading 0 native plugins for Editor in 0.00 ms.
Unloading 1383 Unused Serialized files (Serialized files now loaded: 0)
System memory in use before: 148.8 MB.
System memory in use after: 148.9 MB.

Unloading 14 unused Assets to reduce memory usage. Loaded Objects now: 1998.
Total: 1.606100 ms (FindLiveObjects: 0.147900 ms CreateObjectMapping: 0.041000 ms MarkObjects: 1.360600 ms  DeleteObjects: 0.056000 ms)

========================================================================
Received Prepare
Registering precompiled user dll's ...
Registered in 0.002830 seconds.
Begin MonoManager ReloadAssembly
Native extension for WindowsStandalone target not found
Native extension for WebGL target not found
Refreshing native plugins compatible for Editor in 0.29 ms, found 2 plugins.
Preloading 0 native plugins for Editor in 0.00 ms.
Mono: successfully reloaded assembly
- Completed reload, in  0.852 seconds
Platform modules already initialized, skipping
Refreshing native plugins compatible for Editor in 0.30 ms, found 2 plugins.
Preloading 0 native plugins for Editor in 0.00 ms.
Unloading 1383 Unused Serialized files (Serialized files now loaded: 0)
System memory in use before: 148.9 MB.
System memory in use after: 148.9 MB.

Unloading 14 unused Assets to reduce memory usage. Loaded Objects now: 2001.
Total: 1.642600 ms (FindLiveObjects: 0.153100 ms CreateObjectMapping: 0.038600 ms MarkObjects: 1.402000 ms  DeleteObjects: 0.048200 ms)

========================================================================
Received Prepare
Registering precompiled user dll's ...
Registered in 0.002938 seconds.
Begin MonoManager ReloadAssembly
Native extension for WindowsStandalone target not found
Native extension for WebGL target not found
Refreshing native plugins compatible for Editor in 0.30 ms, found 2 plugins.
Preloading 0 native plugins for Editor in 0.00 ms.
Mono: successfully reloaded assembly
- Completed reload, in  0.853 seconds
Platform modules already initialized, skipping
Refreshing native plugins compatible for Editor in 0.29 ms, found 2 plugins.
Preloading 0 native plugins for Editor in 0.00 ms.
Unloading 1383 Unused Serialized files (Serialized files now loaded: 0)
System memory in use before: 148.9 MB.
System memory in use after: 148.9 MB.

Unloading 14 unused Assets to reduce memory usage. Loaded Objects now: 2004.
Total: 1.783400 ms (FindLiveObjects: 0.170200 ms CreateObjectMapping: 0.044900 ms MarkObjects: 1.503700 ms  DeleteObjects: 0.063800 ms)

========================================================================
Received Import Request.
  Time since last request: 2951.972177 seconds.
  path: Assets/Prefabs/StarSystem.prefab
  artifactKey: Guid(8c3c80bfd2059944192b8d4d721fddc2) Importer(815301076,1909f56bfc062723c751e8b465ee728b)
Start importing Assets/Prefabs/StarSystem.prefab using Guid(8c3c80bfd2059944192b8d4d721fddc2) Importer(815301076,1909f56bfc062723c751e8b465ee728b)  -> (artifact id: '44ed9be08c4518aa52a4dfa54d1977a0') in 0.074260 seconds
  Import took 0.076406 seconds .

========================================================================
Received Prepare
Registering precompiled user dll's ...
Registered in 0.002851 seconds.
Begin MonoManager ReloadAssembly
Native extension for WindowsStandalone target not found
Native extension for WebGL target not found
Refreshing native plugins compatible for Editor in 0.30 ms, found 2 plugins.
Preloading 0 native plugins for Editor in 0.00 ms.
Mono: successfully reloaded assembly
- Completed reload, in  0.812 seconds
Platform modules already initialized, skipping
Refreshing native plugins compatible for Editor in 0.31 ms, found 2 plugins.
Preloading 0 native plugins for Editor in 0.00 ms.
Unloading 1383 Unused Serialized files (Serialized files now loaded: 0)
System memory in use before: 148.9 MB.
System memory in use after: 149.0 MB.

Unloading 15 unused Assets to reduce memory usage. Loaded Objects now: 2008.
Total: 1.654200 ms (FindLiveObjects: 0.154200 ms CreateObjectMapping: 0.042800 ms MarkObjects: 1.399300 ms  DeleteObjects: 0.056800 ms)

========================================================================
Received Prepare
Registering precompiled user dll's ...
Registered in 0.002760 seconds.
Begin MonoManager ReloadAssembly
Native extension for WindowsStandalone target not found
Native extension for WebGL target not found
Refreshing native plugins compatible for Editor in 0.29 ms, found 2 plugins.
Preloading 0 native plugins for Editor in 0.00 ms.
Mono: successfully reloaded assembly
- Completed reload, in  0.809 seconds
Platform modules already initialized, skipping
Refreshing native plugins compatible for Editor in 0.30 ms, found 2 plugins.
Preloading 0 native plugins for Editor in 0.00 ms.
Unloading 1383 Unused Serialized files (Serialized files now loaded: 0)
System memory in use before: 148.9 MB.
System memory in use after: 149.0 MB.

Unloading 14 unused Assets to reduce memory usage. Loaded Objects now: 2011.
Total: 1.688800 ms (FindLiveObjects: 0.152300 ms CreateObjectMapping: 0.041900 ms MarkObjects: 1.441400 ms  DeleteObjects: 0.052300 ms)

========================================================================
Received Prepare
Registering precompiled user dll's ...
Registered in 0.003659 seconds.
Begin MonoManager ReloadAssembly
Native extension for WindowsStandalone target not found
Native extension for WebGL target not found
Refreshing native plugins compatible for Editor in 0.31 ms, found 2 plugins.
Preloading 0 native plugins for Editor in 0.00 ms.
Mono: successfully reloaded assembly
- Completed reload, in  0.899 seconds
Platform modules already initialized, skipping
Refreshing native plugins compatible for Editor in 0.38 ms, found 2 plugins.
Preloading 0 native plugins for Editor in 0.00 ms.
Unloading 1383 Unused Serialized files (Serialized files now loaded: 0)
System memory in use before: 148.9 MB.
System memory in use after: 149.0 MB.

Unloading 14 unused Assets to reduce memory usage. Loaded Objects now: 2014.
Total: 2.064400 ms (FindLiveObjects: 0.225300 ms CreateObjectMapping: 0.055900 ms MarkObjects: 1.720700 ms  DeleteObjects: 0.060000 ms)

========================================================================
Received Prepare
Registering precompiled user dll's ...
Registered in 0.002812 seconds.
Begin MonoManager ReloadAssembly
Native extension for WindowsStandalone target not found
Native extension for WebGL target not found
Refreshing native plugins compatible for Editor in 0.29 ms, found 2 plugins.
Preloading 0 native plugins for Editor in 0.00 ms.
Mono: successfully reloaded assembly
- Completed reload, in  0.813 seconds
Platform modules already initialized, skipping
Refreshing native plugins compatible for Editor in 0.30 ms, found 2 plugins.
Preloading 0 native plugins for Editor in 0.00 ms.
Unloading 1383 Unused Serialized files (Serialized files now loaded: 0)
System memory in use before: 148.9 MB.
System memory in use after: 149.0 MB.

Unloading 14 unused Assets to reduce memory usage. Loaded Objects now: 2017.
Total: 1.662600 ms (FindLiveObjects: 0.149700 ms CreateObjectMapping: 0.039900 ms MarkObjects: 1.421500 ms  DeleteObjects: 0.050700 ms)

========================================================================
Received Prepare
Registering precompiled user dll's ...
Registered in 0.002801 seconds.
Begin MonoManager ReloadAssembly
Native extension for WindowsStandalone target not found
Native extension for WebGL target not found
Refreshing native plugins compatible for Editor in 0.29 ms, found 2 plugins.
Preloading 0 native plugins for Editor in 0.00 ms.
Mono: successfully reloaded assembly
- Completed reload, in  0.809 seconds
Platform modules already initialized, skipping
Refreshing native plugins compatible for Editor in 0.30 ms, found 2 plugins.
Preloading 0 native plugins for Editor in 0.00 ms.
Unloading 1383 Unused Serialized files (Serialized files now loaded: 0)
System memory in use before: 148.9 MB.
System memory in use after: 149.0 MB.

Unloading 14 unused Assets to reduce memory usage. Loaded Objects now: 2020.
Total: 1.666600 ms (FindLiveObjects: 0.148300 ms CreateObjectMapping: 0.041600 ms MarkObjects: 1.422400 ms  DeleteObjects: 0.053500 ms)

========================================================================
Received Prepare
Registering precompiled user dll's ...
Registered in 0.002769 seconds.
Begin MonoManager ReloadAssembly
Native extension for WindowsStandalone target not found
Native extension for WebGL target not found
Refreshing native plugins compatible for Editor in 0.30 ms, found 2 plugins.
Preloading 0 native plugins for Editor in 0.00 ms.
Mono: successfully reloaded assembly
- Completed reload, in  0.824 seconds
Platform modules already initialized, skipping
Refreshing native plugins compatible for Editor in 0.30 ms, found 2 plugins.
Preloading 0 native plugins for Editor in 0.00 ms.
Unloading 1383 Unused Serialized files (Serialized files now loaded: 0)
System memory in use before: 148.9 MB.
System memory in use after: 149.0 MB.

Unloading 14 unused Assets to reduce memory usage. Loaded Objects now: 2023.
Total: 1.902700 ms (FindLiveObjects: 0.228400 ms CreateObjectMapping: 0.064700 ms MarkObjects: 1.535400 ms  DeleteObjects: 0.073100 ms)

========================================================================
Received Prepare
Registering precompiled user dll's ...
Registered in 0.003147 seconds.
Begin MonoManager ReloadAssembly
Native extension for WindowsStandalone target not found
Native extension for WebGL target not found
Refreshing native plugins compatible for Editor in 0.33 ms, found 2 plugins.
Preloading 0 native plugins for Editor in 0.00 ms.
Mono: successfully reloaded assembly
- Completed reload, in  0.906 seconds
Platform modules already initialized, skipping
Refreshing native plugins compatible for Editor in 0.31 ms, found 2 plugins.
Preloading 0 native plugins for Editor in 0.00 ms.
Unloading 1383 Unused Serialized files (Serialized files now loaded: 0)
System memory in use before: 148.9 MB.
System memory in use after: 149.0 MB.

Unloading 14 unused Assets to reduce memory usage. Loaded Objects now: 2026.
Total: 1.817100 ms (FindLiveObjects: 0.148300 ms CreateObjectMapping: 0.034600 ms MarkObjects: 1.574100 ms  DeleteObjects: 0.059200 ms)

========================================================================
Received Import Request.
  Time since last request: 413.584884 seconds.
  path: Assets/Prefabs/StarSystem.prefab
  artifactKey: Guid(8c3c80bfd2059944192b8d4d721fddc2) Importer(815301076,1909f56bfc062723c751e8b465ee728b)
Start importing Assets/Prefabs/StarSystem.prefab using Guid(8c3c80bfd2059944192b8d4d721fddc2) Importer(815301076,1909f56bfc062723c751e8b465ee728b)  -> (artifact id: '3411e107a561fc7d9da029e123ffa8c5') in 0.065007 seconds
  Import took 0.067089 seconds .

========================================================================
Received Import Request.
  Time since last request: 0.014722 seconds.
  path: Assets/Prefabs/StarSystem.prefab
  artifactKey: Guid(8c3c80bfd2059944192b8d4d721fddc2) Importer(815301076,1909f56bfc062723c751e8b465ee728b)
Start importing Assets/Prefabs/StarSystem.prefab using Guid(8c3c80bfd2059944192b8d4d721fddc2) Importer(815301076,1909f56bfc062723c751e8b465ee728b)  -> (artifact id: '3411e107a561fc7d9da029e123ffa8c5') in 0.007212 seconds
  Import took 0.009455 seconds .

========================================================================
Received Prepare
Registering precompiled user dll's ...
Registered in 0.002845 seconds.
Begin MonoManager ReloadAssembly
Native extension for WindowsStandalone target not found
Native extension for WebGL target not found
Refreshing native plugins compatible for Editor in 0.29 ms, found 2 plugins.
Preloading 0 native plugins for Editor in 0.00 ms.
Mono: successfully reloaded assembly
- Completed reload, in  0.820 seconds
Platform modules already initialized, skipping
Refreshing native plugins compatible for Editor in 0.29 ms, found 2 plugins.
Preloading 0 native plugins for Editor in 0.00 ms.
Unloading 1383 Unused Serialized files (Serialized files now loaded: 0)
System memory in use before: 148.9 MB.
System memory in use after: 149.0 MB.

Unloading 15 unused Assets to reduce memory usage. Loaded Objects now: 2030.
Total: 1.648500 ms (FindLiveObjects: 0.147800 ms CreateObjectMapping: 0.062600 ms MarkObjects: 1.385900 ms  DeleteObjects: 0.051200 ms)

========================================================================
Received Prepare
Registering precompiled user dll's ...
Registered in 0.002833 seconds.
Begin MonoManager ReloadAssembly
Native extension for WindowsStandalone target not found
Native extension for WebGL target not found
Refreshing native plugins compatible for Editor in 0.31 ms, found 2 plugins.
Preloading 0 native plugins for Editor in 0.00 ms.
Mono: successfully reloaded assembly
- Completed reload, in  0.808 seconds
Platform modules already initialized, skipping
Refreshing native plugins compatible for Editor in 0.29 ms, found 2 plugins.
Preloading 0 native plugins for Editor in 0.00 ms.
Unloading 1383 Unused Serialized files (Serialized files now loaded: 0)
System memory in use before: 148.9 MB.
System memory in use after: 149.0 MB.

Unloading 14 unused Assets to reduce memory usage. Loaded Objects now: 2033.
Total: 1.688300 ms (FindLiveObjects: 0.154100 ms CreateObjectMapping: 0.042600 ms MarkObjects: 1.441900 ms  DeleteObjects: 0.048900 ms)

========================================================================
Received Prepare
Registering precompiled user dll's ...
Registered in 0.003675 seconds.
Begin MonoManager ReloadAssembly
Native extension for WindowsStandalone target not found
Native extension for WebGL target not found
Refreshing native plugins compatible for Editor in 0.32 ms, found 2 plugins.
Preloading 0 native plugins for Editor in 0.00 ms.
Mono: successfully reloaded assembly
- Completed reload, in  0.907 seconds
Platform modules already initialized, skipping
Refreshing native plugins compatible for Editor in 0.34 ms, found 2 plugins.
Preloading 0 native plugins for Editor in 0.00 ms.
Unloading 1383 Unused Serialized files (Serialized files now loaded: 0)
System memory in use before: 148.9 MB.
System memory in use after: 149.0 MB.

Unloading 14 unused Assets to reduce memory usage. Loaded Objects now: 2036.
Total: 1.776700 ms (FindLiveObjects: 0.186000 ms CreateObjectMapping: 0.042100 ms MarkObjects: 1.499500 ms  DeleteObjects: 0.048400 ms)

========================================================================
Received Prepare
Registering precompiled user dll's ...
Registered in 0.002792 seconds.
Begin MonoManager ReloadAssembly
Native extension for WindowsStandalone target not found
Native extension for WebGL target not found
Refreshing native plugins compatible for Editor in 0.31 ms, found 2 plugins.
Preloading 0 native plugins for Editor in 0.00 ms.
Mono: successfully reloaded assembly
- Completed reload, in  0.851 seconds
Platform modules already initialized, skipping
Refreshing native plugins compatible for Editor in 0.32 ms, found 2 plugins.
Preloading 0 native plugins for Editor in 0.00 ms.
Unloading 1383 Unused Serialized files (Serialized files now loaded: 0)
System memory in use before: 148.9 MB.
System memory in use after: 149.0 MB.

Unloading 14 unused Assets to reduce memory usage. Loaded Objects now: 2039.
Total: 1.833300 ms (FindLiveObjects: 0.163900 ms CreateObjectMapping: 0.045800 ms MarkObjects: 1.571800 ms  DeleteObjects: 0.051000 ms)

========================================================================
Received Prepare
Registering precompiled user dll's ...
Registered in 0.002957 seconds.
Begin MonoManager ReloadAssembly
Native extension for WindowsStandalone target not found
Native extension for WebGL target not found
Refreshing native plugins compatible for Editor in 0.29 ms, found 2 plugins.
Preloading 0 native plugins for Editor in 0.00 ms.
Mono: successfully reloaded assembly
- Completed reload, in  0.813 seconds
Platform modules already initialized, skipping
Refreshing native plugins compatible for Editor in 0.31 ms, found 2 plugins.
Preloading 0 native plugins for Editor in 0.00 ms.
Unloading 1383 Unused Serialized files (Serialized files now loaded: 0)
System memory in use before: 148.9 MB.
System memory in use after: 149.0 MB.

Unloading 14 unused Assets to reduce memory usage. Loaded Objects now: 2042.
Total: 1.661100 ms (FindLiveObjects: 0.151600 ms CreateObjectMapping: 0.042100 ms MarkObjects: 1.416500 ms  DeleteObjects: 0.050000 ms)

========================================================================
Received Prepare
Registering precompiled user dll's ...
Registered in 0.003031 seconds.
Begin MonoManager ReloadAssembly
Native extension for WindowsStandalone target not found
Native extension for WebGL target not found
Refreshing native plugins compatible for Editor in 0.29 ms, found 2 plugins.
Preloading 0 native plugins for Editor in 0.00 ms.
Mono: successfully reloaded assembly
- Completed reload, in  0.826 seconds
Platform modules already initialized, skipping
Refreshing native plugins compatible for Editor in 0.31 ms, found 2 plugins.
Preloading 0 native plugins for Editor in 0.00 ms.
Unloading 1383 Unused Serialized files (Serialized files now loaded: 0)
System memory in use before: 148.9 MB.
System memory in use after: 149.0 MB.

Unloading 14 unused Assets to reduce memory usage. Loaded Objects now: 2045.
Total: 1.636200 ms (FindLiveObjects: 0.150500 ms CreateObjectMapping: 0.042100 ms MarkObjects: 1.388400 ms  DeleteObjects: 0.054100 ms)

